<?xml version="1.0" encoding="UTF-8"?>
<!-- Generated by org.testng.reporters.JUnitReportReporter -->
<testsuite hostname="DESKTOP-K07O5M6" failures="0" tests="3" name="com.nopCommerce.testCases.TC_ElectronicsPage_002" time="14.790" errors="0" timestamp="2023-07-13T02:10:47 IST" skipped="0">
  <testcase classname="com.nopCommerce.testCases.TC_ElectronicsPage_002" name="Registration" time="4.599"/>
  <system-out/>
  <testcase classname="com.nopCommerce.testCases.TC_ElectronicsPage_002" name="Login" time="1.673"/>
  <system-out/>
  <testcase classname="com.nopCommerce.testCases.TC_ElectronicsPage_002" name="Home_Electronics" time="8.518"/>
  <system-out/>
</testsuite> <!-- com.nopCommerce.testCases.TC_ElectronicsPage_002 -->
