<?xml version="1.0" encoding="UTF-8"?>
<!-- Generated by org.testng.reporters.JUnitReportReporter -->
<testsuite hostname="DESKTOP-K07O5M6" failures="0" tests="2" name="com.nopCommerce.testCases.TC_Login_001" time="6.080" errors="0" timestamp="2023-07-13T02:10:47 IST" skipped="0">
  <testcase classname="com.nopCommerce.testCases.TC_Login_001" name="Login" time="1.522"/>
  <system-out/>
  <testcase classname="com.nopCommerce.testCases.TC_Login_001" name="Registration" time="4.558"/>
  <system-out/>
</testsuite> <!-- com.nopCommerce.testCases.TC_Login_001 -->
