<?xml version="1.0" encoding="UTF-8"?>
<!-- Generated by org.testng.reporters.JUnitReportReporter -->
<testsuite hostname="DESKTOP-K07O5M6" failures="0" tests="3" name="com.nopCommerce.testCases.TC_HomePage_002" time="9.842" errors="0" timestamp="2023-07-08T22:13:52 IST" skipped="0">
  <testcase classname="com.nopCommerce.testCases.TC_HomePage_002" name="Registration" time="5.657"/>
  <system-out/>
  <testcase classname="com.nopCommerce.testCases.TC_HomePage_002" name="Login" time="1.700"/>
  <system-out/>
  <testcase classname="com.nopCommerce.testCases.TC_HomePage_002" name="Home_Electronics" time="2.485"/>
  <system-out/>
</testsuite> <!-- com.nopCommerce.testCases.TC_HomePage_002 -->
